This is XeTeX, Version 3.141592653-2.6-0.999996 (TeX Live 2024) (preloaded format=xelatex 2024.12.9)  9 DEC 2024 14:27
entering extended mode
 restricted \write18 enabled.
 %&-line parsing enabled.
**"/Users/ashleylaroque/Library/Mobile\ Documents/com~apple~CloudDocs/Grad\ Sch
ool/Terui\ Lab/AIM\ 1\ CMR/priv_cmr_movement/priv_cmr_summary/output/table_reca
p.tex"
! Emergency stop.
<to be read again> 
                   \ 
<*> "/Users/ashleylaroque/Library/Mobile\ 
                                          Documents/com~apple~CloudDocs/Grad...
 
Here is how much of TeX's memory you used:
 3 strings out of 474773
 45 string characters out of 5757724
 1917839 words of memory out of 5000000
 22258 multiletter control sequences out of 15000+600000
 558069 words of font info for 36 fonts, out of 8000000 for 9000
 1348 hyphenation exceptions out of 8191
 1i,0n,0p,1b,6s stack positions out of 10000i,1000n,20000p,200000b,200000s
No pages of output.
